ERROR - 2022-04-24 20:35:47 --> Table 'demo.file' doesn't exist
CRITICAL - 2022-04-24 20:35:47 --> Table 'demo.file' doesn't exist
#0 C:\xampp\htdocs\image-upload\vendor\codeigniter4\framework\system\Database\MySQLi\Connection.php(292): mysqli->query('INSERT INTO `fi...', 0)
#1 C:\xampp\htdocs\image-upload\vendor\codeigniter4\framework\system\Database\BaseConnection.php(670): CodeIgniter\Database\MySQLi\Connection->execute('INSERT INTO `fi...')
#2 C:\xampp\htdocs\image-upload\vendor\codeigniter4\framework\system\Database\BaseConnection.php(598): CodeIgniter\Database\BaseConnection->simpleQuery('INSERT INTO `fi...')
#3 C:\xampp\htdocs\image-upload\vendor\codeigniter4\framework\system\Database\BaseBuilder.php(1771): CodeIgniter\Database\BaseConnection->query('INSERT INTO `fi...', Array, false)
#4 C:\xampp\htdocs\image-upload\app\Controllers\Form.php(45): CodeIgniter\Database\BaseBuilder->insert(Array)
#5 C:\xampp\htdocs\image-upload\vendor\codeigniter4\framework\system\CodeIgniter.php(832): App\Controllers\Form->store()
#6 C:\xampp\htdocs\image-upload\vendor\codeigniter4\framework\system\CodeIgniter.php(419): CodeIgniter\CodeIgniter->runController(Object(App\Controllers\Form))
#7 C:\xampp\htdocs\image-upload\vendor\codeigniter4\framework\system\CodeIgniter.php(326): CodeIgniter\CodeIgniter->handleRequest(NULL, Object(Config\Cache), false)
#8 C:\xampp\htdocs\image-upload\index.php(37): CodeIgniter\CodeIgniter->run()
#9 {main}
CRITICAL - 2022-04-24 20:38:25 --> fopen(http://localhost:8080/image-uploaduploads/index.html): Failed to open stream: HTTP wrapper does not support writeable connections
#0 [internal function]: CodeIgniter\Debug\Exceptions->errorHandler(2, 'fopen(http://lo...', 'C:\\xampp\\htdocs...', 179)
#1 C:\xampp\htdocs\image-upload\vendor\codeigniter4\framework\system\HTTP\Files\UploadedFile.php(179): fopen('http://localhos...', 'x+b')
#2 C:\xampp\htdocs\image-upload\vendor\codeigniter4\framework\system\HTTP\Files\UploadedFile.php(130): CodeIgniter\HTTP\Files\UploadedFile->setPath('http://localhos...')
#3 C:\xampp\htdocs\image-upload\app\Controllers\Form.php(37): CodeIgniter\HTTP\Files\UploadedFile->move('http://localhos...')
#4 C:\xampp\htdocs\image-upload\vendor\codeigniter4\framework\system\CodeIgniter.php(832): App\Controllers\Form->store()
#5 C:\xampp\htdocs\image-upload\vendor\codeigniter4\framework\system\CodeIgniter.php(419): CodeIgniter\CodeIgniter->runController(Object(App\Controllers\Form))
#6 C:\xampp\htdocs\image-upload\vendor\codeigniter4\framework\system\CodeIgniter.php(326): CodeIgniter\CodeIgniter->handleRequest(NULL, Object(Config\Cache), false)
#7 C:\xampp\htdocs\image-upload\index.php(37): CodeIgniter\CodeIgniter->run()
#8 {main}
